2025-01-08 13:36:29,799 - INFO - Starting PV subsystem...
2025-01-08 13:36:30,150 - INFO - Initializing video stream...
2025-01-08 13:36:30,180 - INFO - Video stream started successfully
2025-01-08 13:36:32,183 - INFO - Waiting for frame...
2025-01-08 13:36:32,185 - WARNING - Attempt 1/5: No valid frame received
2025-01-08 13:36:33,188 - WARNING - Attempt 2/5: No valid frame received
2025-01-08 13:36:34,213 - INFO - Frame saved: sasika_stream/sample.jpg
2025-01-08 13:36:34,213 - INFO - Shutting down...
2025-01-08 13:36:34,251 - INFO - Video stream stopped
2025-01-08 13:36:34,254 - INFO - PV subsystem stopped
2025-01-08 13:41:19,153 - INFO - Starting PV subsystem...
2025-01-08 13:41:19,525 - INFO - Initializing video stream...
2025-01-08 13:41:19,552 - INFO - Video stream started successfully
2025-01-08 13:41:21,555 - INFO - Waiting for frame...
2025-01-08 13:41:21,556 - WARNING - Attempt 1/5: No valid frame received
2025-01-08 13:41:22,576 - INFO - Frame saved: sasika_stream/sample.jpg
2025-01-08 13:41:22,577 - INFO - Shutting down...
2025-01-08 13:41:22,604 - INFO - Video stream stopped
2025-01-08 13:41:22,607 - INFO - PV subsystem stopped
2025-01-08 13:42:41,254 - INFO - Starting PV subsystem...
2025-01-08 13:42:41,661 - INFO - Initializing video stream...
2025-01-08 13:42:41,691 - INFO - Video stream started successfully
2025-01-08 13:42:43,693 - INFO - Waiting for frame...
2025-01-08 13:42:43,695 - WARNING - Attempt 1/5: No valid frame received
2025-01-08 13:42:44,717 - INFO - Frame saved: sasika_stream/sample.jpg
2025-01-08 13:42:44,718 - INFO - Shutting down...
2025-01-08 13:42:44,771 - INFO - Video stream stopped
2025-01-08 13:42:44,774 - INFO - PV subsystem stopped
2025-01-08 13:43:48,761 - INFO - Starting PV subsystem...
2025-01-08 13:43:48,857 - INFO - Initializing video stream...
2025-01-08 13:43:48,885 - INFO - Video stream started successfully
2025-01-08 13:43:50,887 - INFO - Waiting for frame...
2025-01-08 13:43:50,890 - WARNING - Attempt 1/5: No valid frame received
2025-01-08 13:43:51,912 - INFO - Frame saved: sasika_stream/sample.jpg
2025-01-08 13:43:51,912 - INFO - Shutting down...
2025-01-08 13:43:51,949 - INFO - Video stream stopped
2025-01-08 13:43:51,953 - INFO - PV subsystem stopped
2025-01-08 13:44:08,400 - INFO - Starting PV subsystem...
2025-01-08 13:44:08,437 - INFO - Initializing video stream...
2025-01-08 13:44:08,465 - INFO - Video stream started successfully
2025-01-08 13:44:10,468 - INFO - Waiting for frame...
2025-01-08 13:44:10,470 - WARNING - Attempt 1/5: No valid frame received
2025-01-08 13:44:11,490 - INFO - Frame saved: sasika_stream/sample.jpg
2025-01-08 13:44:11,490 - INFO - Shutting down...
2025-01-08 13:44:11,544 - INFO - Video stream stopped
2025-01-08 13:44:11,547 - INFO - PV subsystem stopped
2025-01-08 13:45:11,706 - INFO - Starting PV subsystem...
2025-01-08 13:45:11,778 - INFO - Initializing video stream...
2025-01-08 13:45:11,806 - INFO - Video stream started successfully
2025-01-08 13:45:13,809 - INFO - Waiting for frame...
2025-01-08 13:45:13,811 - WARNING - Attempt 1/5: No valid frame received
2025-01-08 13:45:14,830 - INFO - Frame saved: sasika_stream/sample.jpg
2025-01-08 13:45:14,830 - INFO - Shutting down...
2025-01-08 13:45:14,892 - INFO - Video stream stopped
2025-01-08 13:45:14,895 - INFO - PV subsystem stopped
